\BOOKMARK [0][]{chapter*.1}{\376\377\122\115\212\000}{}% 1
\BOOKMARK [-1][]{part.1}{\376\377\173\054\000I\220\350\122\006\000\040\127\372\170\100\167\345\213\306}{}% 2
\BOOKMARK [0][]{chapter.1}{\376\377\0001\000\040\116\313\176\315}{part.1}% 3
\BOOKMARK [1][]{section.1.1}{\376\377\0001\000.\0001\000\040\122\115\116\026\116\312\165\037}{chapter.1}% 4
\BOOKMARK [2][]{subsection.1.1.1}{\376\377\0001\000.\0001\000.\0001\000\040\000D\000i\000s\000t\000B\000e\000l\000i\000e\000f}{section.1.1}% 5
\BOOKMARK [2][]{subsection.1.1.2}{\376\377\0001\000.\0001\000.\0002\000\040\000T\000e\000n\000s\000o\000r\000F\000l\000o\000w}{section.1.1}% 6
\BOOKMARK [1][]{section.1.2}{\376\377\0001\000.\0002\000\040\171\076\123\072\123\321\134\125}{chapter.1}% 7
\BOOKMARK [2][]{subsection.1.2.1}{\376\377\0001\000.\0002\000.\0001\000\040\137\000\156\220}{section.1.2}% 8
\BOOKMARK [2][]{subsection.1.2.2}{\376\377\0001\000.\0002\000.\0002\000\040\221\314\172\013\170\221}{section.1.2}% 9
\BOOKMARK [2][]{subsection.1.2.3}{\376\377\0001\000.\0002\000.\0003\000\040\135\345\116\032\136\224\165\050}{section.1.2}% 10
\BOOKMARK [0][]{chapter.2}{\376\377\0002\000\040\177\026\172\013\163\257\130\203}{part.1}% 11
\BOOKMARK [1][]{section.2.1}{\376\377\0002\000.\0001\000\040\116\343\170\001\176\323\147\204}{chapter.2}% 12
\BOOKMARK [2][]{subsection.2.1.1}{\376\377\0002\000.\0001\000.\0001\000\040\121\113\226\206\156\220\170\001}{section.2.1}% 13
\BOOKMARK [2][]{subsection.2.1.2}{\376\377\0002\000.\0001\000.\0002\000\040\156\220\170\001\176\323\147\204}{section.2.1}% 14
\BOOKMARK [2][]{subsection.2.1.3}{\376\377\0002\000.\0001\000.\0003\000\040\000C\000o\000r\000e}{section.2.1}% 15
\BOOKMARK [2][]{subsection.2.1.4}{\376\377\0002\000.\0001\000.\0004\000\040\000P\000y\000t\000h\000o\000n}{section.2.1}% 16
\BOOKMARK [2][]{subsection.2.1.5}{\376\377\0002\000.\0001\000.\0005\000\040\000C\000o\000n\000t\000r\000i\000b}{section.2.1}% 17
\BOOKMARK [2][]{subsection.2.1.6}{\376\377\0002\000.\0001\000.\0006\000\040\000S\000t\000r\000e\000a\000m\000E\000x\000e\000c\000u\000t\000o\000r}{section.2.1}% 18
\BOOKMARK [2][]{subsection.2.1.7}{\376\377\0002\000.\0001\000.\0007\000\040\000C\000o\000m\000p\000i\000l\000e\000r}{section.2.1}% 19
\BOOKMARK [1][]{section.2.2}{\376\377\0002\000.\0002\000\040\135\345\172\013\147\204\136\372}{chapter.2}% 20
\BOOKMARK [2][]{subsection.2.2.1}{\376\377\0002\000.\0002\000.\0001\000\040\163\257\130\203\121\306\131\007}{section.2.2}% 21
\BOOKMARK [2][]{subsection.2.2.2}{\376\377\0002\000.\0002\000.\0002\000\040\221\115\177\156}{section.2.2}% 22
\BOOKMARK [2][]{subsection.2.2.3}{\376\377\0002\000.\0002\000.\0003\000\040\147\204\136\372}{section.2.2}% 23
\BOOKMARK [2][]{subsection.2.2.4}{\376\377\0002\000.\0002\000.\0004\000\040\133\211\210\305}{section.2.2}% 24
\BOOKMARK [2][]{subsection.2.2.5}{\376\377\0002\000.\0002\000.\0005\000\040\232\214\213\301}{section.2.2}% 25
\BOOKMARK [2][]{subsection.2.2.6}{\376\377\0002\000.\0002\000.\0006\000\040\000I\000D\000E}{section.2.2}% 26
\BOOKMARK [1][]{section.2.3}{\376\377\0002\000.\0003\000\040\116\343\170\001\165\037\142\020}{chapter.2}% 27
\BOOKMARK [1][]{section.2.4}{\376\377\0002\000.\0004\000\040\142\200\147\057\150\010}{chapter.2}% 28
\BOOKMARK [0][]{chapter.3}{\376\377\0003\000\040\170\064\121\260\116\113\145\305}{part.1}% 29
\BOOKMARK [1][]{section.3.1}{\376\377\0003\000.\0001\000\040\225\356\230\230\143\320\121\372}{chapter.3}% 30
\BOOKMARK [2][]{subsection.3.1.1}{\376\377\0003\000.\0001\000.\0001\000\040\150\067\147\054\145\160\143\156\226\306}{section.3.1}% 31
\BOOKMARK [2][]{subsection.3.1.2}{\376\377\0003\000.\0001\000.\0002\000\040\126\376\171\072\213\364\146\016}{section.3.1}% 32
\BOOKMARK [1][]{section.3.2}{\376\377\0003\000.\0002\000\040\123\125\134\102\141\037\167\345\126\150}{chapter.3}% 33
\BOOKMARK [2][]{subsection.3.2.1}{\376\377\0003\000.\0002\000.\0001\000\040\164\006\213\272\127\372\170\100}{section.3.2}% 34
\BOOKMARK [2][]{subsection.3.2.2}{\376\377\0003\000.\0002\000.\0002\000\040\133\232\116\111\152\041\127\213}{section.3.2}% 35
\BOOKMARK [2][]{subsection.3.2.3}{\376\377\0003\000.\0002\000.\0003\000\040\117\030\123\026\173\227\154\325}{section.3.2}% 36
\BOOKMARK [2][]{subsection.3.2.4}{\376\377\0003\000.\0002\000.\0004\000\040\213\255\176\303\152\041\127\213}{section.3.2}% 37
\BOOKMARK [1][]{section.3.3}{\376\377\0003\000.\0003\000\040\131\032\134\102\141\037\167\345\126\150}{chapter.3}% 38
\BOOKMARK [2][]{subsection.3.3.1}{\376\377\0003\000.\0003\000.\0001\000\040\164\006\213\272\127\372\170\100}{section.3.3}% 39
\BOOKMARK [2][]{subsection.3.3.2}{\376\377\0003\000.\0003\000.\0002\000\040\133\232\116\111\152\041\127\213}{section.3.3}% 40
\BOOKMARK [2][]{subsection.3.3.3}{\376\377\0003\000.\0003\000.\0003\000\040\117\030\123\026\142\200\147\057}{section.3.3}% 41
\BOOKMARK [1][]{section.3.4}{\376\377\0003\000.\0004\000\040\123\167\171\357\177\121\176\334}{chapter.3}% 42
\BOOKMARK [2][]{subsection.3.4.1}{\376\377\0003\000.\0004\000.\0001\000\040\162\171\137\201\116\016\117\030\122\277}{section.3.4}% 43
\BOOKMARK [2][]{subsection.3.4.2}{\376\377\0003\000.\0004\000.\0002\000\040\123\167\171\357\217\320\173\227}{section.3.4}% 44
\BOOKMARK [2][]{subsection.3.4.3}{\376\377\0003\000.\0004\000.\0003\000\040\121\154\137\017\143\250\133\374}{section.3.4}% 45
\BOOKMARK [2][]{subsection.3.4.4}{\376\377\0003\000.\0004\000.\0004\000\040\133\236\163\260\123\167\171\357\177\121\176\334}{section.3.4}% 46
\BOOKMARK [2][]{subsection.3.4.5}{\376\377\0003\000.\0004\000.\0005\000\040\130\236\137\072\123\167\171\357\177\121\176\334}{section.3.4}% 47
\BOOKMARK [-1][]{part.2}{\376\377\173\054\000I\000I\220\350\122\006\000\040\174\373\176\337\147\266\147\204}{}% 48
\BOOKMARK [0][]{chapter.4}{\376\377\0004\000\040\174\373\176\337\147\266\147\204}{part.2}% 49
\BOOKMARK [1][]{section.4.1}{\376\377\0004\000.\0001\000\040\174\373\176\337\147\266\147\204}{chapter.4}% 50
\BOOKMARK [2][]{subsection.4.1.1}{\376\377\0004\000.\0001\000.\0001\000\040\000C\000l\000i\000e\000n\000t}{section.4.1}% 51
\BOOKMARK [2][]{subsection.4.1.2}{\376\377\0004\000.\0001\000.\0002\000\040\000M\000a\000s\000t\000e\000r}{section.4.1}% 52
\BOOKMARK [2][]{subsection.4.1.3}{\376\377\0004\000.\0001\000.\0003\000\040\000W\000o\000r\000k\000e\000r}{section.4.1}% 53
\BOOKMARK [2][]{subsection.4.1.4}{\376\377\0004\000.\0001\000.\0004\000\040\000K\000e\000r\000n\000e\000l}{section.4.1}% 54
\BOOKMARK [1][]{section.4.2}{\376\377\0004\000.\0002\000\040\126\376\143\247\122\066}{chapter.4}% 55
\BOOKMARK [2][]{subsection.4.2.1}{\376\377\0004\000.\0002\000.\0001\000\040\176\304\136\372\226\306\177\244}{section.4.2}% 56
\BOOKMARK [2][]{subsection.4.2.2}{\376\377\0004\000.\0002\000.\0002\000\040\126\376\147\204\220\040}{section.4.2}% 57
\BOOKMARK [2][]{subsection.4.2.3}{\376\377\0004\000.\0002\000.\0003\000\040\126\376\142\147\210\114}{section.4.2}% 58
\BOOKMARK [1][]{section.4.3}{\376\377\0004\000.\0003\000\040\117\032\213\335\173\241\164\006}{chapter.4}% 59
\BOOKMARK [2][]{subsection.4.3.1}{\376\377\0004\000.\0003\000.\0001\000\040\122\033\136\372\117\032\213\335}{section.4.3}% 60
\BOOKMARK [2][]{subsection.4.3.2}{\376\377\0004\000.\0003\000.\0002\000\040\217\355\116\343\217\320\210\114}{section.4.3}% 61
\BOOKMARK [2][]{subsection.4.3.3}{\376\377\0004\000.\0003\000.\0003\000\040\121\163\225\355\117\032\213\335}{section.4.3}% 62
\BOOKMARK [0][]{chapter.5}{\376\377\0005\000\040\000C\000\040\000A\000P\000I\377\032\122\006\154\064\134\255}{part.2}% 63
\BOOKMARK [1][]{section.5.1}{\376\377\0005\000.\0001\000\040\000S\000w\000i\000g\377\032\136\125\124\016\202\361\226\304}{chapter.5}% 64
\BOOKMARK [1][]{section.5.2}{\376\377\0005\000.\0002\000\040\117\032\213\335\143\247\122\066}{chapter.5}% 65
\BOOKMARK [1][]{section.5.3}{\376\377\0005\000.\0003\000\040\117\032\213\335\165\037\124\175\124\150\147\037}{chapter.5}% 66
\BOOKMARK [2][]{subsection.5.3.1}{\376\377\0005\000.\0003\000.\0001\000\040\000P\000y\000t\000h\000o\000n\122\115\172\357}{section.5.3}% 67
\BOOKMARK [2][]{subsection.5.3.2}{\376\377\0005\000.\0003\000.\0002\000\040\000C\000+\000+\124\016\172\357}{section.5.3}% 68
\BOOKMARK [1][]{section.5.4}{\376\377\0005\000.\0004\000\040\122\033\136\372\117\032\213\335}{chapter.5}% 69
\BOOKMARK [2][]{subsection.5.4.1}{\376\377\0005\000.\0004\000.\0001\000\040\177\026\172\013\143\245\123\343}{section.5.4}% 70
\BOOKMARK [2][]{subsection.5.4.2}{\376\377\0005\000.\0004\000.\0002\000\040\000C\000\040\000A\000P\000I}{section.5.4}% 71
\BOOKMARK [2][]{subsection.5.4.3}{\376\377\0005\000.\0004\000.\0003\000\040\124\016\172\357\174\373\176\337}{section.5.4}% 72
\BOOKMARK [1][]{section.5.5}{\376\377\0005\000.\0005\000\040\122\033\136\372\000/\142\151\134\125\126\376}{chapter.5}% 73
\BOOKMARK [2][]{subsection.5.5.1}{\376\377\0005\000.\0005\000.\0001\000\040\177\026\172\013\143\245\123\343}{section.5.5}% 74
\BOOKMARK [2][]{subsection.5.5.2}{\376\377\0005\000.\0005\000.\0002\000\040\000C\000\040\000A\000P\000I}{section.5.5}% 75
\BOOKMARK [2][]{subsection.5.5.3}{\376\377\0005\000.\0005\000.\0003\000\040\124\016\172\357\174\373\176\337}{section.5.5}% 76
\BOOKMARK [1][]{section.5.6}{\376\377\0005\000.\0006\000\040\217\355\116\343\217\320\210\114}{chapter.5}% 77
\BOOKMARK [2][]{subsection.5.6.1}{\376\377\0005\000.\0006\000.\0001\000\040\177\026\172\013\143\245\123\343}{section.5.6}% 78
\BOOKMARK [2][]{subsection.5.6.2}{\376\377\0005\000.\0006\000.\0002\000\040\000C\000\040\000A\000P\000I}{section.5.6}% 79
\BOOKMARK [2][]{subsection.5.6.3}{\376\377\0005\000.\0006\000.\0003\000\040\124\016\172\357\174\373\176\337}{section.5.6}% 80
\BOOKMARK [1][]{section.5.7}{\376\377\0005\000.\0007\000\040\121\163\225\355\117\032\213\335}{chapter.5}% 81
\BOOKMARK [2][]{subsection.5.7.1}{\376\377\0005\000.\0007\000.\0001\000\040\177\026\172\013\143\245\123\343}{section.5.7}% 82
\BOOKMARK [2][]{subsection.5.7.2}{\376\377\0005\000.\0007\000.\0002\000\040\000C\000\040\000A\000P\000I}{section.5.7}% 83
\BOOKMARK [2][]{subsection.5.7.3}{\376\377\0005\000.\0007\000.\0003\000\040\124\016\172\357\174\373\176\337}{section.5.7}% 84
\BOOKMARK [1][]{section.5.8}{\376\377\0005\000.\0008\000\040\225\000\153\301\117\032\213\335}{chapter.5}% 85
\BOOKMARK [2][]{subsection.5.8.1}{\376\377\0005\000.\0008\000.\0001\000\040\177\026\172\013\143\245\123\343}{section.5.8}% 86
\BOOKMARK [2][]{subsection.5.8.2}{\376\377\0005\000.\0008\000.\0002\000\040\000C\000\040\000A\000P\000I}{section.5.8}% 87
\BOOKMARK [2][]{subsection.5.8.3}{\376\377\0005\000.\0008\000.\0003\000\040\124\016\172\357\174\373\176\337}{section.5.8}% 88
\BOOKMARK [1][]{section.5.9}{\376\377\0005\000.\0009\000\040\140\047\200\375\214\003\117\030}{chapter.5}% 89
\BOOKMARK [2][]{subsection.5.9.1}{\376\377\0005\000.\0009\000.\0001\000\040\121\161\116\253\126\376\133\236\117\213}{section.5.9}% 90
\BOOKMARK [2][]{subsection.5.9.2}{\376\377\0005\000.\0009\000.\0002\000\040\155\210\226\144\136\217\122\027\123\026}{section.5.9}% 91
\BOOKMARK [-1][]{part.3}{\376\377\173\054\000I\000I\000I\220\350\122\006\000\040\177\026\172\013\152\041\127\213}{}% 92
\BOOKMARK [0][]{chapter.6}{\376\377\0006\000\040\213\241\173\227\126\376}{part.3}% 93
\BOOKMARK [1][]{section.6.1}{\376\377\0006\000.\0001\000\040\000P\000y\000t\000h\000o\000n\122\115\172\357}{chapter.6}% 94
\BOOKMARK [2][]{subsection.6.1.1}{\376\377\0006\000.\0001\000.\0001\000\040\000O\000p\000e\000r\000a\000t\000i\000o\000n}{section.6.1}% 95
\BOOKMARK [2][]{subsection.6.1.2}{\376\377\0006\000.\0001\000.\0002\000\040\000T\000e\000n\000s\000o\000r}{section.6.1}% 96
\BOOKMARK [2][]{subsection.6.1.3}{\376\377\0006\000.\0001\000.\0003\000\040\000T\000e\000n\000s\000o\000r\000S\000h\000a\000p\000e}{section.6.1}% 97
\BOOKMARK [2][]{subsection.6.1.4}{\376\377\0006\000.\0001\000.\0004\000\040\000G\000r\000a\000p\000h}{section.6.1}% 98
\BOOKMARK [2][]{subsection.6.1.5}{\376\377\0006\000.\0001\000.\0005\000\040\126\376\147\204\220\040}{section.6.1}% 99
\BOOKMARK [1][]{section.6.2}{\376\377\0006\000.\0002\000\040\124\016\172\357\000C\000+\000+}{chapter.6}% 100
\BOOKMARK [2][]{subsection.6.2.1}{\376\377\0006\000.\0002\000.\0001\000\040\217\271}{section.6.2}% 101
\BOOKMARK [2][]{subsection.6.2.2}{\376\377\0006\000.\0002\000.\0002\000\040\202\202\160\271}{section.6.2}% 102
\BOOKMARK [2][]{subsection.6.2.3}{\376\377\0006\000.\0002\000.\0003\000\040\126\376}{section.6.2}% 103
\BOOKMARK [2][]{subsection.6.2.4}{\376\377\0006\000.\0002\000.\0004\000\040\000O\000p\000D\000e\000f\116\323\136\223}{section.6.2}% 104
\BOOKMARK [1][]{section.6.3}{\376\377\0006\000.\0003\000\040\126\376\117\040\220\022}{chapter.6}% 105
\BOOKMARK [0][]{chapter.7}{\376\377\0007\000\040\213\276\131\007}{part.3}% 106
\BOOKMARK [1][]{section.7.1}{\376\377\0007\000.\0001\000\040\213\276\131\007\211\304\203\003}{chapter.7}% 107
\BOOKMARK [2][]{subsection.7.1.1}{\376\377\0007\000.\0001\000.\0001\000\040\137\142\137\017\123\026}{section.7.1}% 108
\BOOKMARK [2][]{subsection.7.1.2}{\376\377\0007\000.\0001\000.\0002\000\040\116\012\116\013\145\207\173\241\164\006\126\150}{section.7.1}% 109
\BOOKMARK [0][]{chapter.8}{\376\377\0008\000\040\117\032\213\335}{part.3}% 110
\BOOKMARK [1][]{section.8.1}{\376\377\0008\000.\0001\000\040\215\104\156\220\173\241\164\006}{chapter.8}% 111
\BOOKMARK [2][]{subsection.8.1.1}{\376\377\0008\000.\0001\000.\0001\000\040\121\163\225\355\117\032\213\335}{section.8.1}% 112
\BOOKMARK [2][]{subsection.8.1.2}{\376\377\0008\000.\0001\000.\0002\000\040\116\012\116\013\145\207\173\241\164\006\126\150}{section.8.1}% 113
\BOOKMARK [2][]{subsection.8.1.3}{\376\377\0008\000.\0001\000.\0003\000\040\126\376\133\236\117\213}{section.8.1}% 114
\BOOKMARK [1][]{section.8.2}{\376\377\0008\000.\0002\000\040\236\330\213\244\117\032\213\335}{chapter.8}% 115
\BOOKMARK [2][]{subsection.8.2.1}{\376\377\0008\000.\0002\000.\0001\000\040\137\040\221\317\154\102\120\074}{section.8.2}% 116
\BOOKMARK [2][]{subsection.8.2.2}{\376\377\0008\000.\0002\000.\0002\000\040\000O\000P\217\320\173\227}{section.8.2}% 117
\BOOKMARK [2][]{subsection.8.2.3}{\376\377\0008\000.\0002\000.\0003\000\040\176\277\172\013\166\370\121\163}{section.8.2}% 118
\BOOKMARK [1][]{section.8.3}{\376\377\0008\000.\0003\000\040\117\032\213\335\174\173\127\213}{chapter.8}% 119
\BOOKMARK [2][]{subsection.8.3.1}{\376\377\0008\000.\0003\000.\0001\000\040\000S\000e\000s\000s\000i\000o\000n}{section.8.3}% 120
\BOOKMARK [2][]{subsection.8.3.2}{\376\377\0008\000.\0003\000.\0002\000\040\000I\000n\000t\000e\000r\000a\000c\000t\000i\000v\000e\000S\000e\000s\000s\000i\000o\000n}{section.8.3}% 121
\BOOKMARK [2][]{subsection.8.3.3}{\376\377\0008\000.\0003\000.\0003\000\040\000B\000a\000s\000e\000S\000e\000s\000s\000i\000o\000n}{section.8.3}% 122
\BOOKMARK [0][]{chapter.9}{\376\377\0009\000\040\123\330\221\317}{part.3}% 123
\BOOKMARK [1][]{section.9.1}{\376\377\0009\000.\0001\000\040\133\236\142\030\377\032\176\277\140\047\152\041\127\213}{chapter.9}% 124
\BOOKMARK [1][]{section.9.2}{\376\377\0009\000.\0002\000\040\122\035\131\313\123\026\152\041\127\213}{chapter.9}% 125
\BOOKMARK [2][]{subsection.9.2.1}{\376\377\0009\000.\0002\000.\0001\000\040\144\315\117\134\123\330\221\317}{section.9.2}% 126
\BOOKMARK [2][]{subsection.9.2.2}{\376\377\0009\000.\0002\000.\0002\000\040\122\035\131\313\120\074}{section.9.2}% 127
\BOOKMARK [2][]{subsection.9.2.3}{\376\377\0009\000.\0002\000.\0003\000\040\122\035\131\313\123\026\126\150}{section.9.2}% 128
\BOOKMARK [2][]{subsection.9.2.4}{\376\377\0009\000.\0002\000.\0004\000\040\137\353\161\147}{section.9.2}% 129
\BOOKMARK [2][]{subsection.9.2.5}{\376\377\0009\000.\0002\000.\0005\000\040\123\330\221\317\133\120\126\376}{section.9.2}% 130
\BOOKMARK [2][]{subsection.9.2.6}{\376\377\0009\000.\0002\000.\0006\000\040\122\035\131\313\123\026\217\307\172\013}{section.9.2}% 131
\BOOKMARK [2][]{subsection.9.2.7}{\376\377\0009\000.\0002\000.\0007\000\040\124\014\117\115\121\163\174\373}{section.9.2}% 132
\BOOKMARK [2][]{subsection.9.2.8}{\376\377\0009\000.\0002\000.\0008\000\040\122\035\131\313\123\026\117\235\215\126}{section.9.2}% 133
\BOOKMARK [2][]{subsection.9.2.9}{\376\377\0009\000.\0002\000.\0009\000\040\122\035\131\313\123\026\126\150\122\027\210\150}{section.9.2}% 134
\BOOKMARK [1][]{section.9.3}{\376\377\0009\000.\0003\000\040\123\330\221\317\122\006\176\304}{chapter.9}% 135
\BOOKMARK [2][]{subsection.9.3.1}{\376\377\0009\000.\0003\000.\0001\000\040\121\150\134\100\123\330\221\317}{section.9.3}% 136
\BOOKMARK [2][]{subsection.9.3.2}{\376\377\0009\000.\0003\000.\0002\000\040\147\054\127\060\123\330\221\317}{section.9.3}% 137
\BOOKMARK [2][]{subsection.9.3.3}{\376\377\0009\000.\0003\000.\0003\000\040\213\255\176\303\123\330\221\317}{section.9.3}% 138
\BOOKMARK [2][]{subsection.9.3.4}{\376\377\0009\000.\0003\000.\0004\000\040\000g\000l\000o\000b\000a\000l\000\137\000s\000t\000e\000p}{section.9.3}% 139
\BOOKMARK [1][]{section.9.4}{\376\377\0009\000.\0004\000\040\156\220\170\001\122\006\147\220\377\032\147\204\220\040\123\330\221\317}{chapter.9}% 140
\BOOKMARK [2][]{subsection.9.4.1}{\376\377\0009\000.\0004\000.\0001\000\040\147\204\220\040\122\035\131\313\120\074}{section.9.4}% 141
\BOOKMARK [2][]{subsection.9.4.2}{\376\377\0009\000.\0004\000.\0002\000\040\147\204\220\040\123\330\221\317\000O\000P}{section.9.4}% 142
\BOOKMARK [2][]{subsection.9.4.3}{\376\377\0009\000.\0004\000.\0003\000\040\147\204\220\040\122\035\131\313\123\026\126\150}{section.9.4}% 143
\BOOKMARK [2][]{subsection.9.4.4}{\376\377\0009\000.\0004\000.\0004\000\040\147\204\220\040\137\353\161\147}{section.9.4}% 144
\BOOKMARK [2][]{subsection.9.4.5}{\376\377\0009\000.\0004\000.\0005\000\040\123\330\221\317\122\006\176\304}{section.9.4}% 145
\BOOKMARK [0][]{chapter.10}{\376\377\0001\0000\000\040\226\037\122\027}{part.3}% 146
\BOOKMARK [1][]{section.10.1}{\376\377\0001\0000\000.\0001\000\040\226\037\122\027}{chapter.10}% 147
\BOOKMARK [2][]{subsection.10.1.1}{\376\377\0001\0000\000.\0001\000.\0001\000\040\000F\000I\000F\000O\000Q\000u\000e\000u\000e}{section.10.1}% 148
\BOOKMARK [2][]{subsection.10.1.2}{\376\377\0001\0000\000.\0001\000.\0002\000\040\165\050\220\024}{section.10.1}% 149
\BOOKMARK [1][]{section.10.2}{\376\377\0001\0000\000.\0002\000\040\123\117\214\003\126\150}{chapter.10}% 150
\BOOKMARK [2][]{subsection.10.2.1}{\376\377\0001\0000\000.\0002\000.\0001\000\040\117\177\165\050\145\271\154\325}{section.10.2}% 151
\BOOKMARK [2][]{subsection.10.2.2}{\376\377\0001\0000\000.\0002\000.\0002\000\040\137\002\136\070\131\004\164\006}{section.10.2}% 152
\BOOKMARK [2][]{subsection.10.2.3}{\376\377\0001\0000\000.\0002\000.\0003\000\040\133\236\142\030\377\032\000L\000o\000o\000p\000T\000h\000r\000e\000a\000d}{section.10.2}% 153
\BOOKMARK [1][]{section.10.3}{\376\377\0001\0000\000.\0003\000\040\000Q\000u\000e\000u\000e\000R\000u\000n\000n\000e\000r}{chapter.10}% 154
\BOOKMARK [2][]{subsection.10.3.1}{\376\377\0001\0000\000.\0003\000.\0001\000\040\154\350\121\214\000Q\000u\000e\000u\000e\000R\000u\000n\000n\000e\000r}{section.10.3}% 155
\BOOKMARK [2][]{subsection.10.3.2}{\376\377\0001\0000\000.\0003\000.\0002\000\040\142\147\210\114\000Q\000u\000e\000u\000e\000R\000u\000n\000n\000e\000r}{section.10.3}% 156
\BOOKMARK [2][]{subsection.10.3.3}{\376\377\0001\0000\000.\0003\000.\0003\000\040\121\163\225\355\226\037\122\027}{section.10.3}% 157
\BOOKMARK [0][]{chapter.11}{\376\377\0001\0001\000\040\000O\000P\147\054\215\050\213\272}{part.3}% 158
\BOOKMARK [1][]{section.11.1}{\376\377\0001\0001\000.\0001\000\040\000O\000P\166\204\154\350\121\214}{chapter.11}% 159
\BOOKMARK [2][]{subsection.11.1.1}{\376\377\0001\0001\000.\0001\000.\0001\000\040\000R\000E\000G\000I\000S\000T\000E\000R\000\137\000O\000P}{section.11.1}% 160
\BOOKMARK [2][]{subsection.11.1.2}{\376\377\0001\0001\000.\0001\000.\0002\000\040\147\345\213\342\143\245\123\343}{section.11.1}% 161
\BOOKMARK [2][]{subsection.11.1.3}{\376\377\0001\0001\000.\0001\000.\0003\000\040\000O\000p\000D\000e\000f\116\323\136\223}{section.11.1}% 162
\BOOKMARK [-1][]{part.4}{\376\377\173\054\000I\000V\220\350\122\006\000\040\217\320\210\114\152\041\127\213}{}% 163
\BOOKMARK [0][]{chapter.12}{\376\377\0001\0002\000\040\147\054\127\060\142\147\210\114}{part.4}% 164
\BOOKMARK [1][]{section.12.1}{\376\377\0001\0002\000.\0001\000\040\147\054\127\060\152\041\137\017}{chapter.12}% 165
\BOOKMARK [2][]{subsection.12.1.1}{\376\377\0001\0002\000.\0001\000.\0001\000\040\220\350\122\006\142\147\210\114}{section.12.1}% 166
\BOOKMARK [2][]{subsection.12.1.2}{\376\377\0001\0002\000.\0001\000.\0002\000\040\136\166\123\321\142\147\210\114}{section.12.1}% 167
\BOOKMARK [1][]{section.12.2}{\376\377\0001\0002\000.\0002\000\040\117\032\213\335\143\247\122\066}{chapter.12}% 168
\BOOKMARK [2][]{subsection.12.2.1}{\376\377\0001\0002\000.\0002\000.\0001\000\040\230\206\127\337\152\041\127\213}{section.12.2}% 169
\BOOKMARK [2][]{subsection.12.2.2}{\376\377\0001\0002\000.\0002\000.\0002\000\040\122\033\136\372\117\032\213\335}{section.12.2}% 170
\BOOKMARK [2][]{subsection.12.2.3}{\376\377\0001\0002\000.\0002\000.\0003\000\040\225\000\153\301\117\032\213\335}{section.12.2}% 171
\BOOKMARK [2][]{subsection.12.2.4}{\376\377\0001\0002\000.\0002\000.\0004\000\040\122\033\136\372\000/\142\151\134\125\126\376}{section.12.2}% 172
\BOOKMARK [2][]{subsection.12.2.5}{\376\377\0001\0002\000.\0002\000.\0005\000\040\217\355\116\343\142\147\210\114}{section.12.2}% 173
\BOOKMARK [2][]{subsection.12.2.6}{\376\377\0001\0002\000.\0002\000.\0006\000\040\121\163\225\355\117\032\213\335}{section.12.2}% 174
\BOOKMARK [1][]{section.12.3}{\376\377\0001\0002\000.\0003\000\040\122\152\147\235}{chapter.12}% 175
\BOOKMARK [2][]{subsection.12.3.1}{\376\377\0001\0002\000.\0003\000.\0001\000\040\147\204\136\372\000C\000l\000i\000e\000n\000t\000G\000r\000a\000p\000h}{section.12.3}% 176
\BOOKMARK [2][]{subsection.12.3.2}{\376\377\0001\0002\000.\0003\000.\0002\000\040\127\372\116\216\000R\000e\000n\000d\000e\000z\000v\000o\000u\000s}{section.12.3}% 177
\BOOKMARK [2][]{subsection.12.3.3}{\376\377\0001\0002\000.\0003\000.\0003\000\040\127\372\116\216\000F\000u\000n\000c\000t\000i\000o\000n\000C\000a\000l\000l\000F\000r\000a\000m\000e}{section.12.3}% 178
\BOOKMARK [2][]{subsection.12.3.4}{\376\377\0001\0002\000.\0003\000.\0004\000\040\122\152\147\235\173\227\154\325\133\236\163\260}{section.12.3}% 179
\BOOKMARK [1][]{section.12.4}{\376\377\0001\0002\000.\0004\000\040\122\006\210\302}{chapter.12}% 180
\BOOKMARK [2][]{subsection.12.4.1}{\376\377\0001\0002\000.\0004\000.\0001\000\040\140\305\121\265\0001}{section.12.4}% 181
\BOOKMARK [2][]{subsection.12.4.2}{\376\377\0001\0002\000.\0004\000.\0002\000\040\140\305\121\265\0002}{section.12.4}% 182
\BOOKMARK [2][]{subsection.12.4.3}{\376\377\0001\0002\000.\0004\000.\0003\000\040\140\305\121\265\0003}{section.12.4}% 183
\BOOKMARK [2][]{subsection.12.4.4}{\376\377\0001\0002\000.\0004\000.\0004\000\040\122\006\210\302\173\227\154\325\133\236\163\260}{section.12.4}% 184
\BOOKMARK [2][]{subsection.12.4.5}{\376\377\0001\0002\000.\0004\000.\0005\000\040\126\336\214\003\121\375\145\160}{section.12.4}% 185
\BOOKMARK [1][]{section.12.5}{\376\377\0001\0002\000.\0005\000\040\142\147\210\114}{chapter.12}% 186
\BOOKMARK [2][]{subsection.12.5.1}{\376\377\0001\0002\000.\0005\000.\0001\000\040\217\223\121\145}{section.12.5}% 187
\BOOKMARK [2][]{subsection.12.5.2}{\376\377\0001\0002\000.\0005\000.\0002\000\040\136\166\123\321\142\147\210\114}{section.12.5}% 188
\BOOKMARK [2][]{subsection.12.5.3}{\376\377\0001\0002\000.\0005\000.\0003\000\040\217\223\121\372}{section.12.5}% 189
\BOOKMARK [1][]{section.12.6}{\376\377\0001\0002\000.\0006\000\040\213\276\131\007\225\364\220\032\117\341}{chapter.12}% 190
\BOOKMARK [2][]{subsection.12.6.1}{\376\377\0001\0002\000.\0006\000.\0001\000\040\000S\000e\000n\000d\000O\000p\133\236\163\260}{section.12.6}% 191
\BOOKMARK [2][]{subsection.12.6.2}{\376\377\0001\0002\000.\0006\000.\0002\000\040\000R\000e\000c\000v\000O\000p\133\236\163\260}{section.12.6}% 192
\BOOKMARK [0][]{chapter.13}{\376\377\0001\0003\000\040\122\006\136\003\137\017\000T\000e\000n\000s\000o\000r\000F\000l\000o\000w}{part.4}% 193
\BOOKMARK [1][]{section.13.1}{\376\377\0001\0003\000.\0001\000\040\122\006\136\003\137\017\152\041\137\017}{chapter.13}% 194
\BOOKMARK [2][]{subsection.13.1.1}{\376\377\0001\0003\000.\0001\000.\0001\000\040\126\376\144\315\117\134}{section.13.1}% 195
\BOOKMARK [2][]{subsection.13.1.2}{\376\377\0001\0003\000.\0001\000.\0002\000\040\137\142\137\017\123\026}{section.13.1}% 196
\BOOKMARK [2][]{subsection.13.1.3}{\376\377\0001\0003\000.\0001\000.\0003\000\040\230\206\127\337\152\041\127\213}{section.13.1}% 197
\BOOKMARK [2][]{subsection.13.1.4}{\376\377\0001\0003\000.\0001\000.\0004\000\040\176\304\136\372\226\306\177\244}{section.13.1}% 198
\BOOKMARK [1][]{section.13.2}{\376\377\0001\0003\000.\0002\000\040\000M\000a\000s\000t\000e\000r\147\015\122\241}{chapter.13}% 199
\BOOKMARK [2][]{subsection.13.2.1}{\376\377\0001\0003\000.\0002\000.\0001\000\040\143\245\123\343\133\232\116\111}{section.13.2}% 200
\BOOKMARK [2][]{subsection.13.2.2}{\376\377\0001\0003\000.\0002\000.\0002\000\040\213\277\225\356\147\015\122\241}{section.13.2}% 201
\BOOKMARK [2][]{subsection.13.2.3}{\376\377\0001\0003\000.\0002\000.\0003\000\040\000R\000P\000C\217\307\172\013}{section.13.2}% 202
\BOOKMARK [2][]{subsection.13.2.4}{\376\377\0001\0003\000.\0002\000.\0004\000\040\155\210\140\157\133\232\116\111}{section.13.2}% 203
\BOOKMARK [1][]{section.13.3}{\376\377\0001\0003\000.\0003\000\040\000W\000o\000r\000k\000e\000r\147\015\122\241}{chapter.13}% 204
\BOOKMARK [2][]{subsection.13.3.1}{\376\377\0001\0003\000.\0003\000.\0001\000\040\143\245\123\343\133\232\116\111}{section.13.3}% 205
\BOOKMARK [2][]{subsection.13.3.2}{\376\377\0001\0003\000.\0003\000.\0002\000\040\213\277\225\356\147\015\122\241}{section.13.3}% 206
\BOOKMARK [2][]{subsection.13.3.3}{\376\377\0001\0003\000.\0003\000.\0003\000\040\000R\000P\000C\217\307\172\013}{section.13.3}% 207
\BOOKMARK [2][]{subsection.13.3.4}{\376\377\0001\0003\000.\0003\000.\0004\000\040\155\210\140\157\133\232\116\111}{section.13.3}% 208
\BOOKMARK [1][]{section.13.4}{\376\377\0001\0003\000.\0004\000\040\147\015\122\241\126\150}{chapter.13}% 209
\BOOKMARK [2][]{subsection.13.4.1}{\376\377\0001\0003\000.\0004\000.\0001\000\040\230\206\127\337\152\041\127\213}{section.13.4}% 210
\BOOKMARK [2][]{subsection.13.4.2}{\376\377\0001\0003\000.\0004\000.\0002\000\040\162\266\140\001\147\072}{section.13.4}% 211
\BOOKMARK [2][]{subsection.13.4.3}{\376\377\0001\0003\000.\0004\000.\0003\000\040\122\033\136\372\000W\000o\000r\000k\000e\000r\000C\000a\000c\000h\000e\000I\000n\000t\000e\000r\000f\000a\000c\000e}{section.13.4}% 212
\BOOKMARK [2][]{subsection.13.4.4}{\376\377\0001\0003\000.\0004\000.\0004\000\040\122\033\136\372\000W\000o\000r\000k\000e\000r\166\204\000R\000P\000C\220\032\220\123}{section.13.4}% 213
\BOOKMARK [2][]{subsection.13.4.5}{\376\377\0001\0003\000.\0004\000.\0005\000\040\122\033\136\372\000W\000o\000r\000k\000e\000r\000I\000n\000t\000e\000r\000f\000a\000c\000e}{section.13.4}% 214
\BOOKMARK [1][]{section.13.5}{\376\377\0001\0003\000.\0005\000\040\117\032\213\335\143\247\122\066}{chapter.13}% 215
\BOOKMARK [2][]{subsection.13.5.1}{\376\377\0001\0003\000.\0005\000.\0001\000\040\117\032\213\335\123\117\124\014}{section.13.5}% 216
\BOOKMARK [2][]{subsection.13.5.2}{\376\377\0001\0003\000.\0005\000.\0002\000\040\165\037\124\175\124\150\147\037}{section.13.5}% 217
\BOOKMARK [2][]{subsection.13.5.3}{\376\377\0001\0003\000.\0005\000.\0003\000\040\117\032\213\335\217\307\172\013}{section.13.5}% 218
\BOOKMARK [1][]{section.13.6}{\376\377\0001\0003\000.\0006\000\040\122\033\136\372\117\032\213\335}{chapter.13}% 219
\BOOKMARK [2][]{subsection.13.6.1}{\376\377\0001\0003\000.\0006\000.\0001\000\040\122\033\136\372\000G\000r\000p\000c\000S\000e\000s\000s\000i\000o\000n}{section.13.6}% 220
\BOOKMARK [2][]{subsection.13.6.2}{\376\377\0001\0003\000.\0006\000.\0002\000\040\122\033\136\372\000M\000a\000s\000t\000e\000r\000S\000e\000s\000s\000i\000o\000n}{section.13.6}% 221
\BOOKMARK [2][]{subsection.13.6.3}{\376\377\0001\0003\000.\0006\000.\0003\000\040\203\267\123\326\217\334\172\357\213\276\131\007\226\306}{section.13.6}% 222
\BOOKMARK [2][]{subsection.13.6.4}{\376\377\0001\0003\000.\0006\000.\0004\000\040\122\033\136\372\000W\000o\000r\000k\000e\000r\000S\000e\000s\000s\000i\000o\000n}{section.13.6}% 223
\BOOKMARK [1][]{section.13.7}{\376\377\0001\0003\000.\0007\000\040\217\355\116\343\142\147\210\114}{chapter.13}% 224
\BOOKMARK [2][]{subsection.13.7.1}{\376\377\0001\0003\000.\0007\000.\0001\000\040\124\057\122\250\142\147\210\114}{section.13.7}% 225
\BOOKMARK [2][]{subsection.13.7.2}{\376\377\0001\0003\000.\0007\000.\0002\000\040\126\376\122\006\210\302\377\032\000S\000p\000l\000i\000t\000B\000y\000W\000o\000r\000k\000e\000r}{section.13.7}% 226
\BOOKMARK [2][]{subsection.13.7.3}{\376\377\0001\0003\000.\0007\000.\0003\000\040\154\350\121\214\126\376}{section.13.7}% 227
\BOOKMARK [2][]{subsection.13.7.4}{\376\377\0001\0003\000.\0007\000.\0004\000\040\126\376\122\006\210\302\377\032\000S\000p\000l\000i\000t\000B\000y\000D\000e\000v\000i\000c\000e}{section.13.7}% 228
\BOOKMARK [2][]{subsection.13.7.5}{\376\377\0001\0003\000.\0007\000.\0005\000\040\217\320\210\114\126\376}{section.13.7}% 229
\BOOKMARK [2][]{subsection.13.7.6}{\376\377\0001\0003\000.\0007\000.\0006\000\040\000R\000e\000n\000d\000z\000v\000o\000u\000s}{section.13.7}% 230
\BOOKMARK [2][]{subsection.13.7.7}{\376\377\0001\0003\000.\0007\000.\0007\000\040\154\350\225\000\126\376}{section.13.7}% 231
\BOOKMARK [1][]{section.13.8}{\376\377\0001\0003\000.\0008\000\040\121\163\225\355\117\032\213\335}{chapter.13}% 232
\BOOKMARK [-1][]{part.5}{\376\377\173\054\000V\220\350\122\006\000\040\152\041\127\213\213\255\176\303}{}% 233
\BOOKMARK [0][]{chapter.14}{\376\377\0001\0004\000\040\000B\000P\173\227\154\325}{part.5}% 234
\BOOKMARK [1][]{section.14.1}{\376\377\0001\0004\000.\0001\000\040\000T\000e\000n\000s\000o\000r\000F\000l\000o\000w\133\236\163\260}{chapter.14}% 235
\BOOKMARK [2][]{subsection.14.1.1}{\376\377\0001\0004\000.\0001\000.\0001\000\040\213\241\173\227\150\257\136\246}{section.14.1}% 236
\BOOKMARK [2][]{subsection.14.1.2}{\376\377\0001\0004\000.\0001\000.\0002\000\040\136\224\165\050\150\257\136\246}{section.14.1}% 237
\BOOKMARK [0][]{chapter.15}{\376\377\0001\0005\000\040\145\160\143\156\122\240\217\175}{part.5}% 238
\BOOKMARK [1][]{section.15.1}{\376\377\0001\0005\000.\0001\000\040\145\160\143\156\154\350\121\145}{chapter.15}% 239
\BOOKMARK [1][]{section.15.2}{\376\377\0001\0005\000.\0002\000\040\145\160\143\156\230\204\122\240\217\175}{chapter.15}% 240
\BOOKMARK [2][]{subsection.15.2.1}{\376\377\0001\0005\000.\0002\000.\0001\000\040\117\177\165\050\000C\000o\000n\000s\000t}{section.15.2}% 241
\BOOKMARK [2][]{subsection.15.2.2}{\376\377\0001\0005\000.\0002\000.\0002\000\040\117\177\165\050\000V\000a\000r\000i\000a\000b\000l\000e}{section.15.2}% 242
\BOOKMARK [2][]{subsection.15.2.3}{\376\377\0001\0005\000.\0002\000.\0003\000\040\142\171\153\041\230\204\122\240\217\175}{section.15.2}% 243
\BOOKMARK [1][]{section.15.3}{\376\377\0001\0005\000.\0003\000\040\145\160\143\156\173\241\220\123}{chapter.15}% 244
\BOOKMARK [2][]{subsection.15.3.1}{\376\377\0001\0005\000.\0003\000.\0001\000\040\147\204\136\372\145\207\116\366\124\015\226\037\122\027}{section.15.3}% 245
\BOOKMARK [2][]{subsection.15.3.2}{\376\377\0001\0005\000.\0003\000.\0002\000\040\213\373\123\326\126\150}{section.15.3}% 246
\BOOKMARK [2][]{subsection.15.3.3}{\376\377\0001\0005\000.\0003\000.\0003\000\040\211\343\170\001\126\150}{section.15.3}% 247
\BOOKMARK [2][]{subsection.15.3.4}{\376\377\0001\0005\000.\0003\000.\0004\000\040\147\204\136\372\150\067\147\054\226\037\122\027}{section.15.3}% 248
\BOOKMARK [2][]{subsection.15.3.5}{\376\377\0001\0005\000.\0003\000.\0005\000\040\217\223\121\145\133\120\126\376}{section.15.3}% 249
\BOOKMARK [1][]{section.15.4}{\376\377\0001\0005\000.\0004\000\040\145\160\143\156\123\117\124\014}{chapter.15}% 250
\BOOKMARK [2][]{subsection.15.4.1}{\376\377\0001\0005\000.\0004\000.\0001\000\040\226\066\153\265\0001}{section.15.4}% 251
\BOOKMARK [2][]{subsection.15.4.2}{\376\377\0001\0005\000.\0004\000.\0002\000\040\226\066\153\265\0002}{section.15.4}% 252
\BOOKMARK [2][]{subsection.15.4.3}{\376\377\0001\0005\000.\0004\000.\0003\000\040\226\066\153\265\0003}{section.15.4}% 253
\BOOKMARK [2][]{subsection.15.4.4}{\376\377\0001\0005\000.\0004\000.\0004\000\040\000P\000i\000p\000e\000l\000i\000n\000e\202\202\142\315}{section.15.4}% 254
\BOOKMARK [0][]{chapter.16}{\376\377\0001\0006\000\040\000S\000a\000v\000e\000r}{part.5}% 255
\BOOKMARK [1][]{section.16.1}{\376\377\0001\0006\000.\0001\000\040\000S\000a\000v\000e\000r}{chapter.16}% 256
\BOOKMARK [2][]{subsection.16.1.1}{\376\377\0001\0006\000.\0001\000.\0001\000\040\117\177\165\050\145\271\154\325}{section.16.1}% 257
\BOOKMARK [2][]{subsection.16.1.2}{\376\377\0001\0006\000.\0001\000.\0002\000\040\145\207\116\366\122\237\200\375}{section.16.1}% 258
\BOOKMARK [2][]{subsection.16.1.3}{\376\377\0001\0006\000.\0001\000.\0003\000\040\152\041\127\213}{section.16.1}% 259
\BOOKMARK [0][]{chapter.17}{\376\377\0001\0007\000\040\000M\000o\000n\000i\000t\000o\000r\000e\000d\000S\000e\000s\000s\000i\000o\000n}{part.5}% 260
\BOOKMARK [1][]{section.17.1}{\376\377\0001\0007\000.\0001\000\040\137\025\121\145\000M\000o\000n\000i\000t\000o\000r\000e\000d\000S\000e\000s\000s\000i\000o\000n}{chapter.17}% 261
\BOOKMARK [2][]{subsection.17.1.1}{\376\377\0001\0007\000.\0001\000.\0001\000\040\117\177\165\050\145\271\154\325}{section.17.1}% 262
\BOOKMARK [2][]{subsection.17.1.2}{\376\377\0001\0007\000.\0001\000.\0002\000\040\117\177\165\050\135\345\123\202}{section.17.1}% 263
\BOOKMARK [2][]{subsection.17.1.3}{\376\377\0001\0007\000.\0001\000.\0003\000\040\210\305\231\160\126\150}{section.17.1}% 264
\BOOKMARK [1][]{section.17.2}{\376\377\0001\0007\000.\0002\000\040\165\037\124\175\124\150\147\037}{chapter.17}% 265
\BOOKMARK [2][]{subsection.17.2.1}{\376\377\0001\0007\000.\0002\000.\0001\000\040\122\035\131\313\123\026}{section.17.2}% 266
\BOOKMARK [2][]{subsection.17.2.2}{\376\377\0001\0007\000.\0002\000.\0002\000\040\142\147\210\114}{section.17.2}% 267
\BOOKMARK [2][]{subsection.17.2.3}{\376\377\0001\0007\000.\0002\000.\0003\000\040\121\163\225\355}{section.17.2}% 268
\BOOKMARK [1][]{section.17.3}{\376\377\0001\0007\000.\0003\000\040\152\041\127\213\122\035\131\313\123\026}{chapter.17}% 269
\BOOKMARK [2][]{subsection.17.3.1}{\376\377\0001\0007\000.\0003\000.\0001\000\040\123\117\214\003\123\117\213\256}{section.17.3}% 270
\BOOKMARK [2][]{subsection.17.3.2}{\376\377\0001\0007\000.\0003\000.\0002\000\040\000S\000e\000s\000s\000i\000o\000n\000M\000a\000n\000a\000g\000e\000r}{section.17.3}% 271
\BOOKMARK [2][]{subsection.17.3.3}{\376\377\0001\0007\000.\0003\000.\0003\000\040\137\025\121\145\135\345\123\202}{section.17.3}% 272
\BOOKMARK [2][]{subsection.17.3.4}{\376\377\0001\0007\000.\0003\000.\0004\000\040\000S\000c\000a\000f\000f\000o\000l\000d}{section.17.3}% 273
\BOOKMARK [2][]{subsection.17.3.5}{\376\377\0001\0007\000.\0003\000.\0005\000\040\122\035\131\313\123\026\173\227\154\325}{section.17.3}% 274
\BOOKMARK [2][]{subsection.17.3.6}{\376\377\0001\0007\000.\0003\000.\0006\000\040\147\054\127\060\123\330\221\317\122\035\131\313\123\026}{section.17.3}% 275
\BOOKMARK [2][]{subsection.17.3.7}{\376\377\0001\0007\000.\0003\000.\0007\000\040\232\214\213\301\152\041\127\213}{section.17.3}% 276
\BOOKMARK [1][]{section.17.4}{\376\377\0001\0007\000.\0004\000\040\137\002\136\070\133\211\121\150}{chapter.17}% 277
\BOOKMARK [2][]{subsection.17.4.1}{\376\377\0001\0007\000.\0004\000.\0001\000\040\116\012\116\013\145\207\173\241\164\006\126\150}{section.17.4}% 278
\BOOKMARK [2][]{subsection.17.4.2}{\376\377\0001\0007\000.\0004\000.\0002\000\040\120\134\153\142\000Q\000u\000e\000u\000e\000R\000u\000n\000n\000e\000r}{section.17.4}% 279
\BOOKMARK [1][]{section.17.5}{\376\377\0001\0007\000.\0005\000\040\126\336\214\003\224\251\133\120}{chapter.17}% 280
\BOOKMARK [-1][]{part.6}{\376\377\173\054\000V\000I\220\350\122\006\000\040\226\104\137\125}{}% 281
\BOOKMARK [0][]{appendix.A}{\376\377\000A\000\040\116\343\170\001\226\005\213\373}{part.6}% 282
\BOOKMARK [1][]{section.A.1}{\376\377\000A\000.\0001\000\040\135\345\153\062\125\204\121\166\116\213\377\014\137\305\121\110\122\051\121\166\126\150}{appendix.A}% 283
\BOOKMARK [1][]{section.A.2}{\376\377\000A\000.\0002\000\040\122\233\210\114\200\014\124\016\167\345\116\113\167\037}{appendix.A}% 284
\BOOKMARK [1][]{section.A.3}{\376\377\000A\000.\0003\000\040\123\321\163\260\230\206\127\337\152\041\127\213}{appendix.A}% 285
\BOOKMARK [1][]{section.A.4}{\376\377\000A\000.\0004\000\040\143\026\143\230\174\373\176\337\147\266\147\204}{appendix.A}% 286
\BOOKMARK [1][]{section.A.5}{\376\377\000A\000.\0005\000\040\176\306\202\202\146\057\233\124\233\074}{appendix.A}% 287
\BOOKMARK [1][]{section.A.6}{\376\377\000A\000.\0006\000\040\220\002\123\357\200\014\153\142}{appendix.A}% 288
\BOOKMARK [1][]{section.A.7}{\376\377\000A\000.\0007\000\040\123\321\163\260\131\171\166\204\177\216}{appendix.A}% 289
\BOOKMARK [1][]{section.A.8}{\376\377\000A\000.\0008\000\040\134\035\213\325\221\315\147\204}{appendix.A}% 290
\BOOKMARK [1][]{section.A.9}{\376\377\000A\000.\0009\000\040\137\142\137\017\123\026}{appendix.A}% 291
\BOOKMARK [1][]{section.A.10}{\376\377\000A\000.\0001\0000\000\040\133\236\117\213\123\026}{appendix.A}% 292
\BOOKMARK [1][]{section.A.11}{\376\377\000A\000.\0001\0001\000\040\162\354\116\120\116\120\377\014\116\015\131\202\117\027\116\120\116\120}{appendix.A}% 293
\BOOKMARK [0][]{appendix.B}{\376\377\000B\000\040\143\001\176\355\133\146\116\140}{part.6}% 294
\BOOKMARK [1][]{section.B.1}{\376\377\000B\000.\0001\000\040\213\364\145\207\211\343\133\127}{appendix.B}% 295
\BOOKMARK [2][]{subsection.B.1.1}{\376\377\000B\000.\0001\000.\0001\000\040\220\011\142\351}{section.B.1}% 296
\BOOKMARK [2][]{subsection.B.1.2}{\376\377\000B\000.\0001\000.\0002\000\040\142\275\214\141}{section.B.1}% 297
\BOOKMARK [2][]{subsection.B.1.3}{\376\377\000B\000.\0001\000.\0003\000\040\122\006\116\253}{section.B.1}% 298
\BOOKMARK [2][]{subsection.B.1.4}{\376\377\000B\000.\0001\000.\0004\000\040\230\206\140\237}{section.B.1}% 299
\BOOKMARK [1][]{section.B.2}{\376\377\000B\000.\0002\000\040\142\020\225\177\116\113\215\357}{appendix.B}% 300
\BOOKMARK [2][]{subsection.B.2.1}{\376\377\000B\000.\0002\000.\0001\000\040\155\210\226\144\221\315\131\015}{section.B.2}% 301
\BOOKMARK [2][]{subsection.B.2.2}{\376\377\000B\000.\0002\000.\0002\000\040\143\320\160\274\167\345\213\306}{section.B.2}% 302
\BOOKMARK [2][]{subsection.B.2.3}{\376\377\000B\000.\0002\000.\0003\000\040\142\020\116\072\116\140\140\357}{section.B.2}% 303
\BOOKMARK [2][]{subsection.B.2.4}{\376\377\000B\000.\0002\000.\0004\000\040\146\364\145\260\167\345\213\306}{section.B.2}% 304
\BOOKMARK [2][]{subsection.B.2.5}{\376\377\000B\000.\0002\000.\0005\000\040\221\315\147\204\201\352\142\021}{section.B.2}% 305
\BOOKMARK [2][]{subsection.B.2.6}{\376\377\000B\000.\0002\000.\0006\000\040\116\023\145\073\147\057\116\032}{section.B.2}% 306
